SF:/home/rogerio/Projetos/rust/vetis/<WORKSPACE>/src/lib.rs
FN:272,_RNCNvNtNtCseGAyiRdAEua_5vetis5tests8responses_25test_status_into_response0B7_
FN:419,_RNvXs8_NvNtNtCseGAyiRdAEua_5vetis4host4path1__INtB5_19TypetagRegistrationFG0_QL1_DINtNtCskzFrxQOoWBC_12erased_serde2de12DeserializerL0_EEL1_EINtNtCsgEmfK2I1SDS_4core6result6ResultINtNtCslNYArtu3iFV_5alloc5boxed3BoxDNtB7_10PathConfigNtNtB2k_6marker4SyncNtB3K_4SendEL_ENtNtB1n_5error5ErrorEENtCs8mEkP9VJowS_9inventory7Collect8registryBb_
FNDA:1,_RNCNvNtNtCseGAyiRdAEua_5vetis5tests8responses_25test_status_into_response0B7_
FNDA:0,_RNvXs8_NvNtNtCseGAyiRdAEua_5vetis4host4path1__INtB5_19TypetagRegistrationFG0_QL1_DINtNtCskzFrxQOoWBC_12erased_serde2de12DeserializerL0_EEL1_EINtNtCsgEmfK2I1SDS_4core6result6ResultINtNtCslNYArtu3iFV_5alloc5boxed3BoxDNtB7_10PathConfigNtNtB2k_6marker4SyncNtB3K_4SendEL_ENtNtB1n_5error5ErrorEENtCs8mEkP9VJowS_9inventory7Collect8registryBb_
FNF:2
FNH:1
DA:272,1
DA:273,1
DA:274,0
DA:419,0
DA:421,0
BRF:0
BRH:0
LF:5
LH:2
end_of_record
SF:/home/rogerio/Projetos/rust/vetis/vetis-macros/src/lib.rs
FN:297,_RNCNvCskjVRgxSu4qz_12vetis_macros12status_pages0B3_
FN:291,_RNvCskjVRgxSu4qz_12vetis_macros12status_pages
FN:74,_RNvCskjVRgxSu4qz_12vetis_macros4http
FN:226,_RNvCskjVRgxSu4qz_12vetis_macros8security
FN:297,_RNCNvCs4GReXm8dYMU_12vetis_macros12status_pages0B3_
FN:291,_RNvCs4GReXm8dYMU_12vetis_macros12status_pages
FN:74,_RNvCs4GReXm8dYMU_12vetis_macros4http
FN:226,_RNvCs4GReXm8dYMU_12vetis_macros8security
FNDA:2,_RNCNvCskjVRgxSu4qz_12vetis_macros12status_pages0B3_
FNDA:1,_RNvCskjVRgxSu4qz_12vetis_macros12status_pages
FNDA:0,_RNvCskjVRgxSu4qz_12vetis_macros4http
FNDA:0,_RNvCskjVRgxSu4qz_12vetis_macros8security
FNDA:0,_RNCNvCs4GReXm8dYMU_12vetis_macros12status_pages0B3_
FNDA:0,_RNvCs4GReXm8dYMU_12vetis_macros12status_pages
FNDA:0,_RNvCs4GReXm8dYMU_12vetis_macros4http
FNDA:0,_RNvCs4GReXm8dYMU_12vetis_macros8security
FNF:4
FNH:2
DA:74,0
DA:75,0
DA:77,0
DA:78,0
DA:80,0
DA:81,0
DA:82,0
DA:86,0
DA:87,0
DA:89,0
DA:90,0
DA:91,0
DA:95,0
DA:96,0
DA:98,0
DA:99,0
DA:100,0
DA:104,0
DA:105,0
DA:106,0
DA:109,0
DA:110,0
DA:111,0
DA:114,0
DA:115,0
DA:117,0
DA:121,0
DA:122,0
DA:124,0
DA:128,0
DA:129,0
DA:131,0
DA:135,0
DA:136,0
DA:138,0
DA:142,0
DA:191,0
DA:192,0
DA:226,0
DA:227,0
DA:229,0
DA:230,0
DA:232,0
DA:233,0
DA:234,0
DA:238,0
DA:239,0
DA:241,0
DA:242,0
DA:243,0
DA:247,0
DA:248,0
DA:250,0
DA:251,0
DA:252,0
DA:256,0
DA:257,0
DA:258,0
DA:261,0
DA:270,0
DA:271,0
DA:291,1
DA:292,1
DA:294,1
DA:295,1
DA:296,1
DA:297,2
DA:298,2
DA:301,2
DA:303,1
DA:311,1
DA:312,1
BRF:0
BRH:0
LF:73
LH:12
end_of_record
SF:/home/rogerio/Projetos/rust/vetis/vetis-macros/src/parsers/http.rs
FN:19,_RNvXNtNtCskjVRgxSu4qz_12vetis_macros7parsers4httpNtB2_8HttpArgsNtNtCsaJpmLVzYql1_3syn5parse5Parse5parse
FN:19,_RNvXNtNtCs4GReXm8dYMU_12vetis_macros7parsers4httpNtB2_8HttpArgsNtNtCsaJpmLVzYql1_3syn5parse5Parse5parse
FNDA:0,_RNvXNtNtCskjVRgxSu4qz_12vetis_macros7parsers4httpNtB2_8HttpArgsNtNtCsaJpmLVzYql1_3syn5parse5Parse5parse
FNDA:0,_RNvXNtNtCs4GReXm8dYMU_12vetis_macros7parsers4httpNtB2_8HttpArgsNtNtCsaJpmLVzYql1_3syn5parse5Parse5parse
FNF:1
FNH:0
DA:19,0
DA:20,0
DA:21,0
DA:22,0
DA:23,0
DA:24,0
DA:25,0
DA:26,0
DA:27,0
DA:28,0
DA:30,0
DA:31,0
DA:32,0
DA:34,0
DA:35,0
DA:36,0
DA:38,0
DA:39,0
DA:40,0
DA:41,0
DA:42,0
DA:43,0
DA:45,0
DA:46,0
DA:47,0
DA:48,0
DA:49,0
DA:50,0
DA:52,0
DA:53,0
DA:54,0
DA:55,0
DA:56,0
DA:57,0
DA:59,0
DA:60,0
DA:61,0
DA:62,0
DA:63,0
DA:64,0
DA:66,0
DA:67,0
DA:68,0
DA:69,0
DA:70,0
DA:71,0
DA:73,0
DA:74,0
DA:75,0
DA:76,0
DA:77,0
DA:78,0
DA:80,0
DA:81,0
DA:82,0
DA:83,0
DA:84,0
DA:85,0
DA:87,0
DA:88,0
DA:89,0
DA:90,0
DA:91,0
DA:92,0
DA:94,0
DA:95,0
DA:96,0
DA:97,0
DA:98,0
DA:99,0
DA:101,0
DA:104,0
DA:105,0
DA:106,0
DA:109,0
DA:110,0
DA:111,0
DA:112,0
DA:113,0
DA:114,0
DA:115,0
DA:116,0
DA:117,0
DA:118,0
DA:119,0
DA:120,0
BRF:0
BRH:0
LF:86
LH:0
end_of_record
SF:/home/rogerio/Projetos/rust/vetis/vetis-macros/src/parsers/security.rs
FN:14,_RNvXNtNtCskjVRgxSu4qz_12vetis_macros7parsers8securityNtB2_12SecurityArgsNtNtCsaJpmLVzYql1_3syn5parse5Parse5parse
FN:14,_RNvXNtNtCs4GReXm8dYMU_12vetis_macros7parsers8securityNtB2_12SecurityArgsNtNtCsaJpmLVzYql1_3syn5parse5Parse5parse
FNDA:0,_RNvXNtNtCskjVRgxSu4qz_12vetis_macros7parsers8securityNtB2_12SecurityArgsNtNtCsaJpmLVzYql1_3syn5parse5Parse5parse
FNDA:0,_RNvXNtNtCs4GReXm8dYMU_12vetis_macros7parsers8securityNtB2_12SecurityArgsNtNtCsaJpmLVzYql1_3syn5parse5Parse5parse
FNF:1
FNH:0
DA:14,0
DA:15,0
DA:16,0
DA:17,0
DA:18,0
DA:21,0
DA:22,0
DA:23,0
DA:26,0
DA:27,0
DA:28,0
DA:30,0
DA:31,0
DA:32,0
DA:33,0
DA:34,0
DA:35,0
DA:37,0
DA:38,0
DA:39,0
DA:40,0
DA:41,0
DA:42,0
DA:44,0
DA:45,0
DA:46,0
DA:47,0
DA:48,0
DA:49,0
DA:51,0
DA:52,0
DA:53,0
DA:54,0
DA:55,0
DA:56,0
DA:58,0
DA:62,0
DA:63,0
DA:64,0
DA:67,0
DA:68,0
BRF:0
BRH:0
LF:41
LH:0
end_of_record
SF:/home/rogerio/Projetos/rust/vetis/vetis-macros/src/parsers/status_pages.rs
FN:11,_RNvXNtNtCskjVRgxSu4qz_12vetis_macros7parsers12status_pagesNtB2_15StatusPagesArgsNtNtCsaJpmLVzYql1_3syn5parse5Parse5parse
FN:11,_RNvXNtNtCs4GReXm8dYMU_12vetis_macros7parsers12status_pagesNtB2_15StatusPagesArgsNtNtCsaJpmLVzYql1_3syn5parse5Parse5parse
FNDA:1,_RNvXNtNtCskjVRgxSu4qz_12vetis_macros7parsers12status_pagesNtB2_15StatusPagesArgsNtNtCsaJpmLVzYql1_3syn5parse5Parse5parse
FNDA:0,_RNvXNtNtCs4GReXm8dYMU_12vetis_macros7parsers12status_pagesNtB2_15StatusPagesArgsNtNtCsaJpmLVzYql1_3syn5parse5Parse5parse
FNF:1
FNH:1
DA:11,1
DA:12,1
DA:13,3
DA:14,2
DA:15,2
DA:16,2
DA:17,2
DA:19,2
DA:20,1
DA:21,1
DA:24,1
DA:25,1
BRF:0
BRH:0
LF:12
LH:12
end_of_record
SF:/home/rogerio/Projetos/rust/vetis/vetis/src/host/mod.rs
FN:126,_RNCNvXs0_NtCseGAyiRdAEua_5vetis4hostNtNtCslNYArtu3iFV_5alloc6string6StringINtNtCsgEmfK2I1SDS_4core7convert4FromNtB7_10AltServiceE4from0B9_
FN:77,_RNvMNtCseGAyiRdAEua_5vetis4hostNtB2_17AltServiceBuilder2ma
FN:71,_RNvMNtCseGAyiRdAEua_5vetis4hostNtB2_17AltServiceBuilder4port
FN:89,_RNvMNtCseGAyiRdAEua_5vetis4hostNtB2_17AltServiceBuilder5build
FN:83,_RNvMNtCseGAyiRdAEua_5vetis4hostNtB2_17AltServiceBuilder7persist
FN:59,_RNvMNtCseGAyiRdAEua_5vetis4hostNtB2_17AltServiceBuilder8autority
FN:65,_RNvMNtCseGAyiRdAEua_5vetis4hostNtB2_17AltServiceBuilder8protocol
FN:330,_RNvMs1_NtCseGAyiRdAEua_5vetis4hostNtB5_17HostConfigBuilder11enable_hsts
FN:292,_RNvMs1_NtCseGAyiRdAEua_5vetis4hostNtB5_17HostConfigBuilder12status_pages
FN:342,_RNvMs1_NtCseGAyiRdAEua_5vetis4hostNtB5_17HostConfigBuilder14bind_addresses
FN:311,_RNvMs1_NtCseGAyiRdAEua_5vetis4hostNtB5_17HostConfigBuilder14enable_logging
FN:214,_RNvMs1_NtCseGAyiRdAEua_5vetis4hostNtB5_17HostConfigBuilder14root_directory
FN:388,_RNvMs1_NtCseGAyiRdAEua_5vetis4hostNtB5_17HostConfigBuilder5build
FN:233,_RNvMs1_NtCseGAyiRdAEua_5vetis4hostNtB5_17HostConfigBuilder6header
FN:195,_RNvMs1_NtCseGAyiRdAEua_5vetis4hostNtB5_17HostConfigBuilder8hostname
FN:269,_RNvMs1_NtCseGAyiRdAEua_5vetis4hostNtB5_17HostConfigBuilder8security
FN:544,_RNvMs2_NtCseGAyiRdAEua_5vetis4hostNtB5_10HostConfig11enable_hsts
FN:526,_RNvMs2_NtCseGAyiRdAEua_5vetis4hostNtB5_10HostConfig12status_pages
FN:553,_RNvMs2_NtCseGAyiRdAEua_5vetis4hostNtB5_10HostConfig14bind_addresses
FN:535,_RNvMs2_NtCseGAyiRdAEua_5vetis4hostNtB5_10HostConfig14enable_logging
FN:499,_RNvMs2_NtCseGAyiRdAEua_5vetis4hostNtB5_10HostConfig14root_directory
FN:508,_RNvMs2_NtCseGAyiRdAEua_5vetis4hostNtB5_10HostConfig15default_headers
FN:562,_RNvMs2_NtCseGAyiRdAEua_5vetis4hostNtB5_10HostConfig5paths
FN:471,_RNvMs2_NtCseGAyiRdAEua_5vetis4hostNtB5_10HostConfig7builder
FN:490,_RNvMs2_NtCseGAyiRdAEua_5vetis4hostNtB5_10HostConfig8hostname
FN:517,_RNvMs2_NtCseGAyiRdAEua_5vetis4hostNtB5_10HostConfig8security
FN:111,_RNvMs_NtCseGAyiRdAEua_5vetis4hostNtB4_10AltService7builder
FN:568,_RNvXs3_NtCseGAyiRdAEua_5vetis4hostNtB5_10HostConfigNtNtCsgEmfK2I1SDS_4core7default7Default7default
FN:584,_RNvXs4_NtCseGAyiRdAEua_5vetis4hostNtB5_10HostConfigINtNtCsgEmfK2I1SDS_4core7convert4FromReE4from
FN:590,_RNvXs5_NtCseGAyiRdAEua_5vetis4hostNtB5_10HostConfigINtNtCsgEmfK2I1SDS_4core7convert4FromTReB1p_EE4from
FN:123,_RNvXs0_NtCseGAyiRdAEua_5vetis4hostNtNtCslNYArtu3iFV_5alloc6string6StringINtNtCsgEmfK2I1SDS_4core7convert4FromNtB5_10AltServiceE4from
FN:362,_RINvMs1_NtCseGAyiRdAEua_5vetis4hostNtB6_17HostConfigBuilder8add_pathpEB8_
FN:40,_RINvNtCseGAyiRdAEua_5vetis4host10handler_fnppEB4_
FN:45,_RNCINvNtCseGAyiRdAEua_5vetis4host10handler_fnppE0B6_
FN:627,_RNvYpNtNtCseGAyiRdAEua_5vetis4host4Host8hostnameB7_
FNDA:3,_RNCNvXs0_NtCseGAyiRdAEua_5vetis4hostNtNtCslNYArtu3iFV_5alloc6string6StringINtNtCsgEmfK2I1SDS_4core7convert4FromNtB7_10AltServiceE4from0B9_
FNDA:3,_RNvMNtCseGAyiRdAEua_5vetis4hostNtB2_17AltServiceBuilder2ma
FNDA:3,_RNvMNtCseGAyiRdAEua_5vetis4hostNtB2_17AltServiceBuilder4port
FNDA:3,_RNvMNtCseGAyiRdAEua_5vetis4hostNtB2_17AltServiceBuilder5build
FNDA:3,_RNvMNtCseGAyiRdAEua_5vetis4hostNtB2_17AltServiceBuilder7persist
FNDA:3,_RNvMNtCseGAyiRdAEua_5vetis4hostNtB2_17AltServiceBuilder8autority
FNDA:3,_RNvMNtCseGAyiRdAEua_5vetis4hostNtB2_17AltServiceBuilder8protocol
FNDA:1,_RNvMs1_NtCseGAyiRdAEua_5vetis4hostNtB5_17HostConfigBuilder11enable_hsts
FNDA:4,_RNvMs1_NtCseGAyiRdAEua_5vetis4hostNtB5_17HostConfigBuilder12status_pages
FNDA:1,_RNvMs1_NtCseGAyiRdAEua_5vetis4hostNtB5_17HostConfigBuilder14bind_addresses
FNDA:6,_RNvMs1_NtCseGAyiRdAEua_5vetis4hostNtB5_17HostConfigBuilder14enable_logging
FNDA:7,_RNvMs1_NtCseGAyiRdAEua_5vetis4hostNtB5_17HostConfigBuilder14root_directory
FNDA:25,_RNvMs1_NtCseGAyiRdAEua_5vetis4hostNtB5_17HostConfigBuilder5build
FNDA:7,_RNvMs1_NtCseGAyiRdAEua_5vetis4hostNtB5_17HostConfigBuilder6header
FNDA:21,_RNvMs1_NtCseGAyiRdAEua_5vetis4hostNtB5_17HostConfigBuilder8hostname
FNDA:3,_RNvMs1_NtCseGAyiRdAEua_5vetis4hostNtB5_17HostConfigBuilder8security
FNDA:1,_RNvMs2_NtCseGAyiRdAEua_5vetis4hostNtB5_10HostConfig11enable_hsts
FNDA:7,_RNvMs2_NtCseGAyiRdAEua_5vetis4hostNtB5_10HostConfig12status_pages
FNDA:2,_RNvMs2_NtCseGAyiRdAEua_5vetis4hostNtB5_10HostConfig14bind_addresses
FNDA:8,_RNvMs2_NtCseGAyiRdAEua_5vetis4hostNtB5_10HostConfig14enable_logging
FNDA:5,_RNvMs2_NtCseGAyiRdAEua_5vetis4hostNtB5_10HostConfig14root_directory
FNDA:9,_RNvMs2_NtCseGAyiRdAEua_5vetis4hostNtB5_10HostConfig15default_headers
FNDA:1,_RNvMs2_NtCseGAyiRdAEua_5vetis4hostNtB5_10HostConfig5paths
FNDA:25,_RNvMs2_NtCseGAyiRdAEua_5vetis4hostNtB5_10HostConfig7builder
FNDA:9,_RNvMs2_NtCseGAyiRdAEua_5vetis4hostNtB5_10HostConfig8hostname
FNDA:1,_RNvMs2_NtCseGAyiRdAEua_5vetis4hostNtB5_10HostConfig8security
FNDA:3,_RNvMs_NtCseGAyiRdAEua_5vetis4hostNtB4_10AltService7builder
FNDA:7,_RNvXs3_NtCseGAyiRdAEua_5vetis4hostNtB5_10HostConfigNtNtCsgEmfK2I1SDS_4core7default7Default7default
FNDA:1,_RNvXs4_NtCseGAyiRdAEua_5vetis4hostNtB5_10HostConfigINtNtCsgEmfK2I1SDS_4core7convert4FromReE4from
FNDA:1,_RNvXs5_NtCseGAyiRdAEua_5vetis4hostNtB5_10HostConfigINtNtCsgEmfK2I1SDS_4core7convert4FromTReB1p_EE4from
FNDA:3,_RNvXs0_NtCseGAyiRdAEua_5vetis4hostNtNtCslNYArtu3iFV_5alloc6string6StringINtNtCsgEmfK2I1SDS_4core7convert4FromNtB5_10AltServiceE4from
FNDA:0,_RINvMs1_NtCseGAyiRdAEua_5vetis4hostNtB6_17HostConfigBuilder8add_pathpEB8_
FNDA:0,_RINvNtCseGAyiRdAEua_5vetis4host10handler_fnppEB4_
FNDA:0,_RNCINvNtCseGAyiRdAEua_5vetis4host10handler_fnppE0B6_
FNDA:0,_RNvYpNtNtCseGAyiRdAEua_5vetis4host4Host8hostnameB7_
FNF:35
FNH:31
DA:40,0
DA:41,0
DA:42,0
DA:43,0
DA:45,0
DA:46,0
DA:59,3
DA:60,3
DA:61,3
DA:62,3
DA:65,3
DA:66,3
DA:67,3
DA:68,3
DA:71,3
DA:72,3
DA:73,3
DA:74,3
DA:77,3
DA:78,3
DA:79,3
DA:80,3
DA:83,3
DA:84,3
DA:85,3
DA:86,3
DA:89,3
DA:90,3
DA:91,3
DA:92,3
DA:93,3
DA:94,3
DA:95,3
DA:96,3
DA:97,3
DA:111,3
DA:112,3
DA:113,3
DA:114,3
DA:115,3
DA:116,3
DA:117,3
DA:118,3
DA:119,3
DA:123,3
DA:124,3
DA:125,3
DA:126,3
DA:127,3
DA:128,1
DA:129,1
DA:130,1
DA:131,0
DA:134,3
DA:137,3
DA:138,3
DA:140,3
DA:195,21
DA:196,21
DA:197,21
DA:198,21
DA:214,7
DA:215,7
DA:216,7
DA:217,7
DA:233,7
DA:234,7
DA:235,5
DA:236,5
DA:237,5
DA:238,5
DA:239,2
DA:240,2
DA:241,2
DA:243,7
DA:244,7
DA:269,3
DA:270,3
DA:271,3
DA:272,3
DA:292,4
DA:293,4
DA:294,4
DA:295,4
DA:311,6
DA:312,6
DA:313,6
DA:314,6
DA:330,1
DA:331,1
DA:332,1
DA:333,1
DA:342,1
DA:343,1
DA:344,1
DA:345,1
DA:362,0
DA:363,0
DA:364,0
DA:366,0
DA:367,0
DA:368,0
DA:369,0
DA:388,25
DA:389,25
DA:390,25
DA:391,25
DA:393,1
DA:394,24
DA:396,24
DA:397,7
DA:398,1
DA:399,1
DA:400,1
DA:401,1
DA:402,6
DA:403,17
DA:405,23
DA:406,23
DA:407,23
DA:408,23
DA:409,23
DA:410,23
DA:411,23
DA:412,23
DA:413,23
DA:414,23
DA:415,23
DA:416,25
DA:471,25
DA:472,25
DA:473,25
DA:474,25
DA:475,25
DA:476,25
DA:477,25
DA:478,25
DA:479,25
DA:480,25
DA:481,25
DA:482,25
DA:483,25
DA:490,9
DA:491,9
DA:492,9
DA:499,5
DA:500,5
DA:501,5
DA:508,9
DA:509,9
DA:510,9
DA:517,1
DA:518,1
DA:519,1
DA:526,7
DA:527,7
DA:528,7
DA:535,8
DA:536,8
DA:537,8
DA:544,1
DA:545,1
DA:546,1
DA:553,2
DA:554,2
DA:555,2
DA:562,1
DA:563,1
DA:564,1
DA:568,7
DA:569,7
DA:570,7
DA:571,7
DA:572,7
DA:573,7
DA:574,7
DA:575,7
DA:576,7
DA:577,7
DA:578,7
DA:579,7
DA:580,7
DA:584,1
DA:585,1
DA:586,1
DA:590,1
DA:591,1
DA:592,1
DA:593,1
DA:594,1
DA:595,1
DA:596,1
DA:627,0
DA:628,0
DA:629,0
DA:630,0
BRF:0
BRH:0
LF:198
LH:179
end_of_record
SF:/home/rogerio/Projetos/rust/vetis/vetis/src/host/path.rs
FN:27,_RINvXs5_NvNtNtCseGAyiRdAEua_5vetis4host4path1__INtNtCslNYArtu3iFV_5alloc5boxed3BoxDNtB8_10PathConfigEL_ENtNtCs7Gbl1tQhN9K_10serde_core2de11Deserialize11deserializepEBc_
FN:27,_RINvXs6_NvNtNtCseGAyiRdAEua_5vetis4host4path1__INtNtCslNYArtu3iFV_5alloc5boxed3BoxDNtB8_10PathConfigNtNtCsgEmfK2I1SDS_4core6marker4SendEL_ENtNtCs7Gbl1tQhN9K_10serde_core2de11Deserialize11deserializepEBc_
FN:27,_RINvXs7_NvNtNtCseGAyiRdAEua_5vetis4host4path1__INtNtCslNYArtu3iFV_5alloc5boxed3BoxDNtB8_10PathConfigNtNtCsgEmfK2I1SDS_4core6marker4SyncEL_ENtNtCs7Gbl1tQhN9K_10serde_core2de11Deserialize11deserializepEBc_
FNDA:0,_RINvXs5_NvNtNtCseGAyiRdAEua_5vetis4host4path1__INtNtCslNYArtu3iFV_5alloc5boxed3BoxDNtB8_10PathConfigEL_ENtNtCs7Gbl1tQhN9K_10serde_core2de11Deserialize11deserializepEBc_
FNDA:0,_RINvXs6_NvNtNtCseGAyiRdAEua_5vetis4host4path1__INtNtCslNYArtu3iFV_5alloc5boxed3BoxDNtB8_10PathConfigNtNtCsgEmfK2I1SDS_4core6marker4SendEL_ENtNtCs7Gbl1tQhN9K_10serde_core2de11Deserialize11deserializepEBc_
FNDA:0,_RINvXs7_NvNtNtCseGAyiRdAEua_5vetis4host4path1__INtNtCslNYArtu3iFV_5alloc5boxed3BoxDNtB8_10PathConfigNtNtCsgEmfK2I1SDS_4core6marker4SyncEL_ENtNtCs7Gbl1tQhN9K_10serde_core2de11Deserialize11deserializepEBc_
FNF:1
FNH:0
DA:27,0
BRF:0
BRH:0
LF:1
LH:0
end_of_record
SF:/home/rogerio/Projetos/rust/vetis/vetis/src/listener.rs
FN:133,_RNvMNtCseGAyiRdAEua_5vetis8listenerNtB2_21ListenerConfigBuilder24allow_unsafe_connections
FN:69,_RNvMNtCseGAyiRdAEua_5vetis8listenerNtB2_21ListenerConfigBuilder4port
FN:139,_RNvMNtCseGAyiRdAEua_5vetis8listenerNtB2_21ListenerConfigBuilder5build
FN:109,_RNvMNtCseGAyiRdAEua_5vetis8listenerNtB2_21ListenerConfigBuilder6protos
FN:91,_RNvMNtCseGAyiRdAEua_5vetis8listenerNtB2_21ListenerConfigBuilder9interface
FN:254,_RNvMs3_NtCseGAyiRdAEua_5vetis8listenerNtB5_14ListenerConfig24allow_unsafe_connections
FN:239,_RNvMs3_NtCseGAyiRdAEua_5vetis8listenerNtB5_14ListenerConfig4port
FN:244,_RNvMs3_NtCseGAyiRdAEua_5vetis8listenerNtB5_14ListenerConfig6protos
FN:229,_RNvMs3_NtCseGAyiRdAEua_5vetis8listenerNtB5_14ListenerConfig7builder
FN:249,_RNvMs3_NtCseGAyiRdAEua_5vetis8listenerNtB5_14ListenerConfig9interface
FN:195,_RNvXs0_NtCseGAyiRdAEua_5vetis8listenerNtB5_14ListenerConfigINtNtCsgEmfK2I1SDS_4core7convert4FromtE4from
FN:201,_RNvXs1_NtCseGAyiRdAEua_5vetis8listenerNtB5_14ListenerConfigINtNtCsgEmfK2I1SDS_4core7convert4FromNtNtCs1kLSPFWlSy3_4http7version7VersionE4from
FN:207,_RNvXs2_NtCseGAyiRdAEua_5vetis8listenerNtB5_14ListenerConfigINtNtCsgEmfK2I1SDS_4core7convert4FromTtNtNtCs1kLSPFWlSy3_4http7version7VersionEE4from
FN:184,_RNvXs_NtCseGAyiRdAEua_5vetis8listenerNtB4_14ListenerConfigNtNtCsgEmfK2I1SDS_4core7default7Default7default
FNDA:1,_RNvMNtCseGAyiRdAEua_5vetis8listenerNtB2_21ListenerConfigBuilder24allow_unsafe_connections
FNDA:13,_RNvMNtCseGAyiRdAEua_5vetis8listenerNtB2_21ListenerConfigBuilder4port
FNDA:25,_RNvMNtCseGAyiRdAEua_5vetis8listenerNtB2_21ListenerConfigBuilder5build
FNDA:5,_RNvMNtCseGAyiRdAEua_5vetis8listenerNtB2_21ListenerConfigBuilder6protos
FNDA:9,_RNvMNtCseGAyiRdAEua_5vetis8listenerNtB2_21ListenerConfigBuilder9interface
FNDA:1,_RNvMs3_NtCseGAyiRdAEua_5vetis8listenerNtB5_14ListenerConfig24allow_unsafe_connections
FNDA:16,_RNvMs3_NtCseGAyiRdAEua_5vetis8listenerNtB5_14ListenerConfig4port
FNDA:11,_RNvMs3_NtCseGAyiRdAEua_5vetis8listenerNtB5_14ListenerConfig6protos
FNDA:25,_RNvMs3_NtCseGAyiRdAEua_5vetis8listenerNtB5_14ListenerConfig7builder
FNDA:10,_RNvMs3_NtCseGAyiRdAEua_5vetis8listenerNtB5_14ListenerConfig9interface
FNDA:1,_RNvXs0_NtCseGAyiRdAEua_5vetis8listenerNtB5_14ListenerConfigINtNtCsgEmfK2I1SDS_4core7convert4FromtE4from
FNDA:1,_RNvXs1_NtCseGAyiRdAEua_5vetis8listenerNtB5_14ListenerConfigINtNtCsgEmfK2I1SDS_4core7convert4FromNtNtCs1kLSPFWlSy3_4http7version7VersionE4from
FNDA:1,_RNvXs2_NtCseGAyiRdAEua_5vetis8listenerNtB5_14ListenerConfigINtNtCsgEmfK2I1SDS_4core7convert4FromTtNtNtCs1kLSPFWlSy3_4http7version7VersionEE4from
FNDA:8,_RNvXs_NtCseGAyiRdAEua_5vetis8listenerNtB4_14ListenerConfigNtNtCsgEmfK2I1SDS_4core7default7Default7default
FNF:14
FNH:14
DA:69,13
DA:70,13
DA:71,13
DA:72,13
DA:91,9
DA:92,9
DA:93,9
DA:94,9
DA:109,5
DA:110,5
DA:111,5
DA:112,5
DA:133,1
DA:134,1
DA:135,1
DA:136,1
DA:139,25
DA:140,25
DA:141,1
DA:142,24
DA:144,24
DA:145,24
DA:146,24
DA:147,24
DA:148,24
DA:149,24
DA:150,25
DA:184,8
DA:185,8
DA:186,8
DA:187,8
DA:188,8
DA:189,8
DA:190,8
DA:191,8
DA:195,1
DA:196,1
DA:197,1
DA:201,1
DA:202,1
DA:203,1
DA:207,1
DA:208,1
DA:209,1
DA:229,25
DA:230,25
DA:231,25
DA:232,25
DA:233,25
DA:234,25
DA:235,25
DA:236,25
DA:239,16
DA:240,16
DA:241,16
DA:244,11
DA:245,11
DA:246,11
DA:249,10
DA:250,10
DA:251,10
DA:254,1
DA:255,1
DA:256,1
BRF:0
BRH:0
LF:64
LH:64
end_of_record
SF:/home/rogerio/Projetos/rust/vetis/vetis/src/request.rs
FN:40,_RNvMNtCseGAyiRdAEua_5vetis7requestNtB2_7Request10from_parts
FN:128,_RNvMNtCseGAyiRdAEua_5vetis7requestNtB2_7Request10into_parts
FN:80,_RNvMNtCseGAyiRdAEua_5vetis7requestNtB2_7Request11headers_mut
FN:33,_RNvMNtCseGAyiRdAEua_5vetis7requestNtB2_7Request3new
FN:45,_RNvMNtCseGAyiRdAEua_5vetis7requestNtB2_7Request3uri
FN:102,_RNvMNtCseGAyiRdAEua_5vetis7requestNtB2_7Request6method
FN:63,_RNvMNtCseGAyiRdAEua_5vetis7requestNtB2_7Request7headers
FN:123,_RNvMNtCseGAyiRdAEua_5vetis7requestNtB2_7Request7version
FNDA:10,_RNvMNtCseGAyiRdAEua_5vetis7requestNtB2_7Request10from_parts
FNDA:1,_RNvMNtCseGAyiRdAEua_5vetis7requestNtB2_7Request10into_parts
FNDA:1,_RNvMNtCseGAyiRdAEua_5vetis7requestNtB2_7Request11headers_mut
FNDA:1,_RNvMNtCseGAyiRdAEua_5vetis7requestNtB2_7Request3new
FNDA:2,_RNvMNtCseGAyiRdAEua_5vetis7requestNtB2_7Request3uri
FNDA:6,_RNvMNtCseGAyiRdAEua_5vetis7requestNtB2_7Request6method
FNDA:2,_RNvMNtCseGAyiRdAEua_5vetis7requestNtB2_7Request7headers
FNDA:1,_RNvMNtCseGAyiRdAEua_5vetis7requestNtB2_7Request7version
FNF:8
FNH:8
DA:33,1
DA:34,1
DA:35,1
DA:40,10
DA:41,10
DA:42,10
DA:45,2
DA:46,2
DA:47,2
DA:63,2
DA:64,2
DA:65,2
DA:80,1
DA:81,1
DA:82,1
DA:83,1
DA:102,6
DA:103,6
DA:104,6
DA:123,1
DA:124,1
DA:125,1
DA:128,1
DA:129,1
DA:130,1
DA:131,1
DA:132,1
DA:133,1
BRF:0
BRH:0
LF:28
LH:28
end_of_record
SF:/home/rogerio/Projetos/rust/vetis/vetis/src/response.rs
FN:85,_RINvMNtCseGAyiRdAEua_5vetis8responseNtB3_15ResponseBuilder6headerReEB5_
FN:185,_RNvMNtCseGAyiRdAEua_5vetis8responseNtB2_15ResponseBuilder4body
FN:147,_RNvMNtCseGAyiRdAEua_5vetis8responseNtB2_15ResponseBuilder4text
FN:194,_RNvMNtCseGAyiRdAEua_5vetis8responseNtB2_15ResponseBuilder5buildB4_
FN:166,_RNvMNtCseGAyiRdAEua_5vetis8responseNtB2_15ResponseBuilder5bytes
FN:128,_RNvMNtCseGAyiRdAEua_5vetis8responseNtB2_15ResponseBuilder5empty
FN:46,_RNvMNtCseGAyiRdAEua_5vetis8responseNtB2_15ResponseBuilder6status
FN:111,_RNvMNtCseGAyiRdAEua_5vetis8responseNtB2_15ResponseBuilder7headers
FN:67,_RNvMNtCseGAyiRdAEua_5vetis8responseNtB2_15ResponseBuilder7version
FN:260,_RNvMs_NtCseGAyiRdAEua_5vetis8responseNtB4_8Response10into_inner
FN:240,_RNvMs_NtCseGAyiRdAEua_5vetis8responseNtB4_8Response7builder
FN:266,_RNvXs0_NtCseGAyiRdAEua_5vetis8responseNtB5_8ResponseINtNtCsgEmfK2I1SDS_4core7convert4FromNtNtCs1kLSPFWlSy3_4http6status10StatusCodeE4from
FNDA:5,_RINvMNtCseGAyiRdAEua_5vetis8responseNtB3_15ResponseBuilder6headerReEB5_
FNDA:1,_RNvMNtCseGAyiRdAEua_5vetis8responseNtB2_15ResponseBuilder4body
FNDA:18,_RNvMNtCseGAyiRdAEua_5vetis8responseNtB2_15ResponseBuilder4text
FNDA:22,_RNvMNtCseGAyiRdAEua_5vetis8responseNtB2_15ResponseBuilder5buildB4_
FNDA:1,_RNvMNtCseGAyiRdAEua_5vetis8responseNtB2_15ResponseBuilder5bytes
FNDA:2,_RNvMNtCseGAyiRdAEua_5vetis8responseNtB2_15ResponseBuilder5empty
FNDA:12,_RNvMNtCseGAyiRdAEua_5vetis8responseNtB2_15ResponseBuilder6status
FNDA:2,_RNvMNtCseGAyiRdAEua_5vetis8responseNtB2_15ResponseBuilder7headers
FNDA:2,_RNvMNtCseGAyiRdAEua_5vetis8responseNtB2_15ResponseBuilder7version
FNDA:21,_RNvMs_NtCseGAyiRdAEua_5vetis8responseNtB4_8Response10into_inner
FNDA:22,_RNvMs_NtCseGAyiRdAEua_5vetis8responseNtB4_8Response7builder
FNDA:1,_RNvXs0_NtCseGAyiRdAEua_5vetis8responseNtB5_8ResponseINtNtCsgEmfK2I1SDS_4core7convert4FromNtNtCs1kLSPFWlSy3_4http6status10StatusCodeE4from
FNF:12
FNH:12
DA:46,12
DA:47,12
DA:48,12
DA:49,12
DA:50,12
DA:51,12
DA:67,2
DA:68,2
DA:69,2
DA:70,2
DA:71,2
DA:72,2
DA:85,5
DA:86,5
DA:87,5
DA:89,5
DA:90,5
DA:91,5
DA:92,5
DA:93,5
DA:111,2
DA:112,2
DA:113,2
DA:114,2
DA:115,2
DA:116,2
DA:128,2
DA:129,2
DA:130,2
DA:131,2
DA:147,18
DA:148,18
DA:149,18
DA:150,18
DA:166,1
DA:167,1
DA:168,1
DA:169,1
DA:185,1
DA:186,1
DA:187,1
DA:188,1
DA:189,1
DA:190,1
DA:194,22
DA:195,22
DA:196,22
DA:240,22
DA:241,22
DA:242,22
DA:243,22
DA:244,22
DA:260,21
DA:261,21
DA:262,21
DA:266,1
DA:267,1
DA:268,1
DA:269,1
DA:270,1
BRF:0
BRH:0
LF:60
LH:60
end_of_record
SF:/home/rogerio/Projetos/rust/vetis/vetis/src/security.rs
FN:187,_RNvMNtCseGAyiRdAEua_5vetis8securityNtB2_21SecurityConfigBuilder11client_auth
FN:117,_RNvMNtCseGAyiRdAEua_5vetis8securityNtB2_21SecurityConfigBuilder13key_from_file
FN:70,_RNvMNtCseGAyiRdAEua_5vetis8securityNtB2_21SecurityConfigBuilder14cert_from_file
FN:95,_RNvMNtCseGAyiRdAEua_5vetis8securityNtB2_21SecurityConfigBuilder14key_from_bytes
FN:48,_RNvMNtCseGAyiRdAEua_5vetis8securityNtB2_21SecurityConfigBuilder15cert_from_bytes
FN:163,_RNvMNtCseGAyiRdAEua_5vetis8securityNtB2_21SecurityConfigBuilder17ca_cert_from_file
FN:141,_RNvMNtCseGAyiRdAEua_5vetis8securityNtB2_21SecurityConfigBuilder18ca_cert_from_bytes
FN:197,_RNvMNtCseGAyiRdAEua_5vetis8securityNtB2_21SecurityConfigBuilder5build
FN:309,_RNvMs0_NtCseGAyiRdAEua_5vetis8securityNtB5_14SecurityConfig11client_auth
FN:291,_RNvMs0_NtCseGAyiRdAEua_5vetis8securityNtB5_14SecurityConfig3key
FN:282,_RNvMs0_NtCseGAyiRdAEua_5vetis8securityNtB5_14SecurityConfig4cert
FN:268,_RNvMs0_NtCseGAyiRdAEua_5vetis8securityNtB5_14SecurityConfig7builder
FN:300,_RNvMs0_NtCseGAyiRdAEua_5vetis8securityNtB5_14SecurityConfig7ca_cert
FN:323,_RINvNtCseGAyiRdAEua_5vetis8security16config_from_filepEB4_
FN:244,_RNvXs_NtCseGAyiRdAEua_5vetis8securityNtB4_14SecurityConfigINtNtCsgEmfK2I1SDS_4core7convert4FromTINtNtCslNYArtu3iFV_5alloc3vec3VechEB1w_INtNtBZ_6option6OptionB1w_EEE4from
FNDA:5,_RNvMNtCseGAyiRdAEua_5vetis8securityNtB2_21SecurityConfigBuilder11client_auth
FNDA:3,_RNvMNtCseGAyiRdAEua_5vetis8securityNtB2_21SecurityConfigBuilder13key_from_file
FNDA:3,_RNvMNtCseGAyiRdAEua_5vetis8securityNtB2_21SecurityConfigBuilder14cert_from_file
FNDA:22,_RNvMNtCseGAyiRdAEua_5vetis8securityNtB2_21SecurityConfigBuilder14key_from_bytes
FNDA:22,_RNvMNtCseGAyiRdAEua_5vetis8securityNtB2_21SecurityConfigBuilder15cert_from_bytes
FNDA:2,_RNvMNtCseGAyiRdAEua_5vetis8securityNtB2_21SecurityConfigBuilder17ca_cert_from_file
FNDA:4,_RNvMNtCseGAyiRdAEua_5vetis8securityNtB2_21SecurityConfigBuilder18ca_cert_from_bytes
FNDA:26,_RNvMNtCseGAyiRdAEua_5vetis8securityNtB2_21SecurityConfigBuilder5build
FNDA:9,_RNvMs0_NtCseGAyiRdAEua_5vetis8securityNtB5_14SecurityConfig11client_auth
FNDA:12,_RNvMs0_NtCseGAyiRdAEua_5vetis8securityNtB5_14SecurityConfig3key
FNDA:12,_RNvMs0_NtCseGAyiRdAEua_5vetis8securityNtB5_14SecurityConfig4cert
FNDA:26,_RNvMs0_NtCseGAyiRdAEua_5vetis8securityNtB5_14SecurityConfig7builder
FNDA:10,_RNvMs0_NtCseGAyiRdAEua_5vetis8securityNtB5_14SecurityConfig7ca_cert
FNDA:0,_RINvNtCseGAyiRdAEua_5vetis8security16config_from_filepEB4_
FNDA:0,_RNvXs_NtCseGAyiRdAEua_5vetis8securityNtB4_14SecurityConfigINtNtCsgEmfK2I1SDS_4core7convert4FromTINtNtCslNYArtu3iFV_5alloc3vec3VechEB1w_INtNtBZ_6option6OptionB1w_EEE4from
FNF:15
FNH:13
DA:48,22
DA:49,22
DA:50,22
DA:51,22
DA:70,3
DA:71,3
DA:72,3
DA:73,2
DA:74,1
DA:75,1
DA:76,1
DA:79,3
DA:80,3
DA:95,22
DA:96,22
DA:97,22
DA:98,22
DA:117,3
DA:118,3
DA:119,3
DA:120,2
DA:121,1
DA:122,1
DA:125,3
DA:126,3
DA:141,4
DA:142,4
DA:143,4
DA:144,4
DA:163,2
DA:164,2
DA:165,2
DA:166,1
DA:167,1
DA:168,1
DA:171,2
DA:172,2
DA:187,5
DA:188,5
DA:189,5
DA:190,5
DA:197,26
DA:198,26
DA:199,3
DA:200,3
DA:201,3
DA:202,23
DA:204,23
DA:205,3
DA:206,20
DA:208,20
DA:209,20
DA:210,20
DA:211,20
DA:212,20
DA:213,20
DA:214,26
DA:244,0
DA:245,0
DA:246,0
DA:268,26
DA:269,26
DA:270,26
DA:271,26
DA:272,26
DA:273,26
DA:274,26
DA:275,26
DA:282,12
DA:283,12
DA:284,12
DA:291,12
DA:292,12
DA:293,12
DA:300,10
DA:301,10
DA:302,10
DA:309,9
DA:310,9
DA:311,9
DA:323,0
DA:324,0
DA:325,0
DA:326,0
DA:327,0
DA:329,0
DA:330,0
DA:332,0
DA:333,0
DA:334,0
DA:336,0
DA:337,0
DA:338,0
DA:340,0
DA:341,0
DA:342,0
DA:344,0
DA:345,0
DA:346,0
DA:347,0
DA:348,0
BRF:0
BRH:0
LF:101
LH:77
end_of_record
SF:/home/rogerio/Projetos/rust/vetis/vetis/src/server.rs
FN:108,_RNCNvMNtCseGAyiRdAEua_5vetis6serverNtB4_19ServerConfigBuilder5build0B6_
FN:79,_RNvMNtCseGAyiRdAEua_5vetis6serverNtB2_19ServerConfigBuilder12add_listener
FN:90,_RNvMNtCseGAyiRdAEua_5vetis6serverNtB2_19ServerConfigBuilder5build
FN:54,_RNvMNtCseGAyiRdAEua_5vetis6serverNtB2_19ServerConfigBuilder8add_host
FN:193,_RNvMs_NtCseGAyiRdAEua_5vetis6serverNtB4_12ServerConfig5hosts
FN:171,_RNvMs_NtCseGAyiRdAEua_5vetis6serverNtB4_12ServerConfig7builder
FN:237,_RNvMs_NtCseGAyiRdAEua_5vetis6serverNtB4_12ServerConfig9listeners
FN:315,_RNCNCNCNvXININtNtCseGAyiRdAEua_5vetis6server4https_0pEINtBb_11HttpServicepEINtNtNtCs7HfHvoXj2HK_5hyper7service7service7ServiceINtNtCs1kLSPFWlSy3_4http7request7RequestNtNtNtB1i_4body8incoming8IncomingEE4call0s_00Bf_
FN:316,_RNCNCNCNvXININtNtCseGAyiRdAEua_5vetis6server4https_0pEINtBb_11HttpServicepEINtNtNtCs7HfHvoXj2HK_5hyper7service7service7ServiceINtNtCs1kLSPFWlSy3_4http7request7RequestNtNtNtB1i_4body8incoming8IncomingEE4call0s_0s_0Bf_
FN:308,_RNCNCNvXININtNtCseGAyiRdAEua_5vetis6server4https_0pEINtB9_11HttpServicepEINtNtNtCs7HfHvoXj2HK_5hyper7service7service7ServiceINtNtCs1kLSPFWlSy3_4http7request7RequestNtNtNtB1g_4body8incoming8IncomingEE4call00Bd_
FN:312,_RNCNCNvXININtNtCseGAyiRdAEua_5vetis6server4https_0pEINtB9_11HttpServicepEINtNtNtCs7HfHvoXj2HK_5hyper7service7service7ServiceINtNtCs1kLSPFWlSy3_4http7request7RequestNtNtNtB1g_4body8incoming8IncomingEE4call0s_0Bd_
FN:304,_RNCNvXININtNtCseGAyiRdAEua_5vetis6server4https_0pEINtB7_11HttpServicepEINtNtNtCs7HfHvoXj2HK_5hyper7service7service7ServiceINtNtCs1kLSPFWlSy3_4http7request7RequestNtNtNtB1e_4body8incoming8IncomingEE4call0Bb_
FN:284,_RNvMNtNtCseGAyiRdAEua_5vetis6server4httpINtB2_11HttpServicepE3newB6_
FN:259,_RNvMs_NtCseGAyiRdAEua_5vetis6serverNtB4_12ServerConfig13listeners_mut
FN:215,_RNvMs_NtCseGAyiRdAEua_5vetis6serverNtB4_12ServerConfig9hosts_mut
FN:299,_RNvXININtNtCseGAyiRdAEua_5vetis6server4https_0pEINtB5_11HttpServicepEINtNtNtCs7HfHvoXj2HK_5hyper7service7service7ServiceINtNtCs1kLSPFWlSy3_4http7request7RequestNtNtNtB1c_4body8incoming8IncomingEE4callB9_
FNDA:3,_RNCNvMNtCseGAyiRdAEua_5vetis6serverNtB4_19ServerConfigBuilder5build0B6_
FNDA:4,_RNvMNtCseGAyiRdAEua_5vetis6serverNtB2_19ServerConfigBuilder12add_listener
FNDA:5,_RNvMNtCseGAyiRdAEua_5vetis6serverNtB2_19ServerConfigBuilder5build
FNDA:4,_RNvMNtCseGAyiRdAEua_5vetis6serverNtB2_19ServerConfigBuilder8add_host
FNDA:2,_RNvMs_NtCseGAyiRdAEua_5vetis6serverNtB4_12ServerConfig5hosts
FNDA:5,_RNvMs_NtCseGAyiRdAEua_5vetis6serverNtB4_12ServerConfig7builder
FNDA:1,_RNvMs_NtCseGAyiRdAEua_5vetis6serverNtB4_12ServerConfig9listeners
FNDA:0,_RNCNCNCNvXININtNtCseGAyiRdAEua_5vetis6server4https_0pEINtBb_11HttpServicepEINtNtNtCs7HfHvoXj2HK_5hyper7service7service7ServiceINtNtCs1kLSPFWlSy3_4http7request7RequestNtNtNtB1i_4body8incoming8IncomingEE4call0s_00Bf_
FNDA:0,_RNCNCNCNvXININtNtCseGAyiRdAEua_5vetis6server4https_0pEINtBb_11HttpServicepEINtNtNtCs7HfHvoXj2HK_5hyper7service7service7ServiceINtNtCs1kLSPFWlSy3_4http7request7RequestNtNtNtB1i_4body8incoming8IncomingEE4call0s_0s_0Bf_
FNDA:0,_RNCNCNvXININtNtCseGAyiRdAEua_5vetis6server4https_0pEINtB9_11HttpServicepEINtNtNtCs7HfHvoXj2HK_5hyper7service7service7ServiceINtNtCs1kLSPFWlSy3_4http7request7RequestNtNtNtB1g_4body8incoming8IncomingEE4call00Bd_
FNDA:0,_RNCNCNvXININtNtCseGAyiRdAEua_5vetis6server4https_0pEINtB9_11HttpServicepEINtNtNtCs7HfHvoXj2HK_5hyper7service7service7ServiceINtNtCs1kLSPFWlSy3_4http7request7RequestNtNtNtB1g_4body8incoming8IncomingEE4call0s_0Bd_
FNDA:0,_RNCNvXININtNtCseGAyiRdAEua_5vetis6server4https_0pEINtB7_11HttpServicepEINtNtNtCs7HfHvoXj2HK_5hyper7service7service7ServiceINtNtCs1kLSPFWlSy3_4http7request7RequestNtNtNtB1e_4body8incoming8IncomingEE4call0Bb_
FNDA:0,_RNvMNtNtCseGAyiRdAEua_5vetis6server4httpINtB2_11HttpServicepE3newB6_
FNDA:0,_RNvMs_NtCseGAyiRdAEua_5vetis6serverNtB4_12ServerConfig13listeners_mut
FNDA:0,_RNvMs_NtCseGAyiRdAEua_5vetis6serverNtB4_12ServerConfig9hosts_mut
FNDA:0,_RNvXININtNtCseGAyiRdAEua_5vetis6server4https_0pEINtB5_11HttpServicepEINtNtNtCs7HfHvoXj2HK_5hyper7service7service7ServiceINtNtCs1kLSPFWlSy3_4http7request7RequestNtNtNtB1c_4body8incoming8IncomingEE4callB9_
FNF:16
FNH:7
DA:54,4
DA:55,4
DA:56,4
DA:57,4
DA:58,4
DA:79,4
DA:80,4
DA:81,4
DA:82,4
DA:83,4
DA:90,5
DA:91,5
DA:92,5
DA:93,5
DA:95,1
DA:96,4
DA:98,4
DA:99,4
DA:100,4
DA:102,1
DA:103,3
DA:105,3
DA:106,3
DA:107,3
DA:108,3
DA:109,3
DA:110,3
DA:111,3
DA:112,3
DA:114,3
DA:115,3
DA:116,0
DA:117,0
DA:118,0
DA:120,0
DA:121,3
DA:124,3
DA:125,5
DA:171,5
DA:172,5
DA:173,5
DA:193,2
DA:194,2
DA:195,2
DA:215,0
DA:216,0
DA:217,0
DA:237,1
DA:238,1
DA:239,1
DA:259,0
DA:260,0
DA:261,0
DA:284,0
DA:285,0
DA:286,0
DA:299,0
DA:300,0
DA:301,0
DA:302,0
DA:303,0
DA:304,0
DA:305,0
DA:306,0
DA:307,0
DA:308,0
DA:309,0
DA:310,0
DA:311,0
DA:312,0
DA:313,0
DA:314,0
DA:315,0
DA:316,0
DA:317,0
DA:319,0
DA:320,0
DA:321,0
DA:322,0
DA:323,0
DA:324,0
DA:327,0
DA:328,0
DA:329,0
DA:330,0
DA:331,0
DA:333,0
DA:335,0
DA:336,0
DA:338,0
DA:339,0
DA:340,0
DA:342,0
DA:343,0
DA:344,0
DA:346,0
DA:347,0
DA:348,0
DA:350,0
DA:352,0
DA:353,0
DA:354,0
DA:356,0
DA:357,0
DA:358,0
DA:359,0
DA:360,0
DA:363,0
DA:364,0
DA:365,0
DA:368,0
DA:369,0
DA:370,0
DA:372,0
DA:375,0
DA:377,0
DA:379,0
DA:380,0
DA:381,0
DA:382,0
DA:383,0
DA:384,0
DA:386,0
DA:388,0
DA:389,0
BRF:0
BRH:0
LF:131
LH:44
end_of_record
SF:/home/rogerio/Projetos/rust/vetis/vetis/src/utils/date.rs
FN:5,_RNvNtNtCseGAyiRdAEua_5vetis5utils4date11format_date
FNDA:0,_RNvNtNtCseGAyiRdAEua_5vetis5utils4date11format_date
FNF:1
FNH:0
DA:5,0
DA:6,0
DA:7,0
DA:8,0
DA:9,0
BRF:0
BRH:0
LF:5
LH:0
end_of_record
